{"F:\\Projects\\fast-food-delivery\\src\\assets\\logo.png": {"path":"F:\\Projects\\fast-food-delivery\\src\\assets\\logo.png","statementMap":{"0":{"start":{"line":1,"column":0},"end":{"line":1,"column":19}}},"fnMap":{},"branchMap":{},"s":{"0":1},"f":{},"b":{},"_coverageSchema":"1a1c01bbd47fc00a2c39e90264f33305004495a9","hash":"3782231fd50a03587131361ac957e5fa41e0bb1b"}
,"F:\\Projects\\fast-food-delivery\\src\\assets\\profile-image.png": {"path":"F:\\Projects\\fast-food-delivery\\src\\assets\\profile-image.png","statementMap":{"0":{"start":{"line":1,"column":0},"end":{"line":1,"column":19}}},"fnMap":{},"branchMap":{},"s":{"0":1},"f":{},"b":{},"_coverageSchema":"1a1c01bbd47fc00a2c39e90264f33305004495a9","hash":"5e1805ae331cc084f757d12c83be308b68517550"}
,"F:\\Projects\\fast-food-delivery\\src\\components\\ActionButton.vue": {"path":"F:\\Projects\\fast-food-delivery\\src\\components\\ActionButton.vue","statementMap":{"0":{"start":{"line":8,"column":15},"end":{"line":8,"column":null}},"1":{"start":{"line":20,"column":8},"end":{"line":20,"column":15}},"2":{"start":{"line":26,"column":6},"end":{"line":26,"column":13}}},"fnMap":{"0":{"name":"(anonymous_0)","decl":{"start":{"line":19,"column":6},"end":{"line":19,"column":15}},"loc":{"start":{"line":19,"column":23},"end":{"line":21,"column":null}}},"1":{"name":"(anonymous_1)","decl":{"start":{"line":25,"column":4},"end":{"line":25,"column":15}},"loc":{"start":{"line":25,"column":18},"end":{"line":29,"column":null}}}},"branchMap":{},"s":{"0":2,"1":7,"2":2},"f":{"0":7,"1":2},"b":{}}
,"F:\\Projects\\fast-food-delivery\\src\\components\\ProfileImage.vue": {"path":"F:\\Projects\\fast-food-delivery\\src\\components\\ProfileImage.vue","statementMap":{"0":{"start":{"line":6,"column":15},"end":{"line":6,"column":null}},"1":{"start":{"line":9,"column":4},"end":{"line":9,"column":11}}},"fnMap":{"0":{"name":"(anonymous_0)","decl":{"start":{"line":8,"column":2},"end":{"line":8,"column":6}},"loc":{"start":{"line":8,"column":9},"end":{"line":12,"column":null}}}},"branchMap":{},"s":{"0":2,"1":1},"f":{"0":1},"b":{}}
,"F:\\Projects\\fast-food-delivery\\src\\components\\SubNav.vue": {"path":"F:\\Projects\\fast-food-delivery\\src\\components\\SubNav.vue","statementMap":{"0":{"start":{"line":16,"column":15},"end":{"line":16,"column":null}},"1":{"start":{"line":19,"column":4},"end":{"line":19,"column":11}}},"fnMap":{"0":{"name":"(anonymous_0)","decl":{"start":{"line":18,"column":2},"end":{"line":18,"column":6}},"loc":{"start":{"line":18,"column":9},"end":{"line":23,"column":null}}}},"branchMap":{},"s":{"0":2,"1":2},"f":{"0":2},"b":{}}
}
